08-Nov-2023 04:07:24.508 INFO [main] org.apache.catalina.core.ApplicationContext.log ContextListener: contextInitialized()
08-Nov-2023 04:07:24.509 INFO [main] org.apache.catalina.core.ApplicationContext.log SessionListener: contextInitialized()
08-Nov-2023 04:07:24.510 INFO [main] org.apache.catalina.core.ApplicationContext.log ContextListener: attributeAdded('StockTicker', 'async.Stockticker@2416a51')
08-Nov-2023 04:15:43.465 INFO [main] org.apache.catalina.core.ApplicationContext.log ContextListener: contextInitialized()
08-Nov-2023 04:15:43.466 INFO [main] org.apache.catalina.core.ApplicationContext.log SessionListener: contextInitialized()
08-Nov-2023 04:15:43.467 INFO [main] org.apache.catalina.core.ApplicationContext.log ContextListener: attributeAdded('StockTicker', 'async.Stockticker@40dd3977')
08-Nov-2023 04:15:43.568 INFO [main] org.apache.catalina.core.ApplicationContext.log SessionListener: contextDestroyed()
08-Nov-2023 04:15:43.569 INFO [main] org.apache.catalina.core.ApplicationContext.log ContextListener: contextDestroyed()
08-Nov-2023 04:16:25.280 INFO [main] org.apache.catalina.core.ApplicationContext.log ContextListener: contextInitialized()
08-Nov-2023 04:16:25.280 INFO [main] org.apache.catalina.core.ApplicationContext.log SessionListener: contextInitialized()
08-Nov-2023 04:16:25.282 INFO [main] org.apache.catalina.core.ApplicationContext.log ContextListener: attributeAdded('StockTicker', 'async.Stockticker@3a4e343')
08-Nov-2023 04:16:25.374 INFO [main] org.apache.catalina.core.ApplicationContext.log SessionListener: contextDestroyed()
08-Nov-2023 04:16:25.374 INFO [main] org.apache.catalina.core.ApplicationContext.log ContextListener: contextDestroyed()
08-Nov-2023 04:20:30.624 INFO [main] org.apache.catalina.core.ApplicationContext.log ContextListener: contextInitialized()
08-Nov-2023 04:20:30.625 INFO [main] org.apache.catalina.core.ApplicationContext.log SessionListener: contextInitialized()
08-Nov-2023 04:20:30.626 INFO [main] org.apache.catalina.core.ApplicationContext.log ContextListener: attributeAdded('StockTicker', 'async.Stockticker@3a4e343')
08-Nov-2023 04:20:30.726 INFO [main] org.apache.catalina.core.ApplicationContext.log SessionListener: contextDestroyed()
08-Nov-2023 04:20:30.726 INFO [main] org.apache.catalina.core.ApplicationContext.log ContextListener: contextDestroyed()
08-Nov-2023 04:21:03.683 INFO [main] org.apache.catalina.core.ApplicationContext.log ContextListener: contextInitialized()
08-Nov-2023 04:21:03.686 INFO [main] org.apache.catalina.core.ApplicationContext.log SessionListener: contextInitialized()
08-Nov-2023 04:21:03.687 INFO [main] org.apache.catalina.core.ApplicationContext.log ContextListener: attributeAdded('StockTicker', 'async.Stockticker@3a4e343')
08-Nov-2023 04:21:03.783 INFO [main] org.apache.catalina.core.ApplicationContext.log SessionListener: contextDestroyed()
08-Nov-2023 04:21:03.783 INFO [main] org.apache.catalina.core.ApplicationContext.log ContextListener: contextDestroyed()
08-Nov-2023 04:22:13.948 INFO [main] org.apache.catalina.core.ApplicationContext.log SessionListener: contextDestroyed()
08-Nov-2023 04:22:13.948 INFO [main] org.apache.catalina.core.ApplicationContext.log ContextListener: contextDestroyed()
08-Nov-2023 04:22:22.158 INFO [main] org.apache.catalina.core.ApplicationContext.log ContextListener: contextInitialized()
08-Nov-2023 04:22:22.158 INFO [main] org.apache.catalina.core.ApplicationContext.log SessionListener: contextInitialized()
08-Nov-2023 04:22:22.159 INFO [main] org.apache.catalina.core.ApplicationContext.log ContextListener: attributeAdded('StockTicker', 'async.Stockticker@7bf9b098')
08-Nov-2023 04:26:40.726 INFO [Thread-1] org.apache.catalina.core.ApplicationContext.log SessionListener: contextDestroyed()
08-Nov-2023 04:26:40.726 INFO [Thread-1] org.apache.catalina.core.ApplicationContext.log ContextListener: contextDestroyed()
08-Nov-2023 04:28:05.131 INFO [main] org.apache.catalina.core.ApplicationContext.log ContextListener: contextInitialized()
08-Nov-2023 04:28:05.136 INFO [main] org.apache.catalina.core.ApplicationContext.log SessionListener: contextInitialized()
08-Nov-2023 04:28:05.137 INFO [main] org.apache.catalina.core.ApplicationContext.log ContextListener: attributeAdded('StockTicker', 'async.Stockticker@460f76a6')
08-Nov-2023 04:56:26.371 INFO [main] org.apache.catalina.core.ApplicationContext.log ContextListener: contextInitialized()
08-Nov-2023 04:56:26.372 INFO [main] org.apache.catalina.core.ApplicationContext.log SessionListener: contextInitialized()
08-Nov-2023 04:56:26.374 INFO [main] org.apache.catalina.core.ApplicationContext.log ContextListener: attributeAdded('StockTicker', 'async.Stockticker@f415a95')
08-Nov-2023 04:56:26.469 INFO [main] org.apache.catalina.core.ApplicationContext.log SessionListener: contextDestroyed()
08-Nov-2023 04:56:26.469 INFO [main] org.apache.catalina.core.ApplicationContext.log ContextListener: contextDestroyed()
08-Nov-2023 05:06:01.810 INFO [main] org.apache.catalina.core.ApplicationContext.log ContextListener: contextInitialized()
08-Nov-2023 05:06:01.811 INFO [main] org.apache.catalina.core.ApplicationContext.log SessionListener: contextInitialized()
08-Nov-2023 05:06:01.812 INFO [main] org.apache.catalina.core.ApplicationContext.log ContextListener: attributeAdded('StockTicker', 'async.Stockticker@37eeec90')
08-Nov-2023 05:06:01.917 INFO [main] org.apache.catalina.core.ApplicationContext.log SessionListener: contextDestroyed()
08-Nov-2023 05:06:01.917 INFO [main] org.apache.catalina.core.ApplicationContext.log ContextListener: contextDestroyed()
08-Nov-2023 06:04:35.835 INFO [Thread-1] org.apache.catalina.core.ApplicationContext.log SessionListener: contextDestroyed()
08-Nov-2023 06:04:35.836 INFO [Thread-1] org.apache.catalina.core.ApplicationContext.log ContextListener: contextDestroyed()
08-Nov-2023 06:31:17.556 INFO [main] org.apache.catalina.core.ApplicationContext.log ContextListener: contextInitialized()
08-Nov-2023 06:31:17.557 INFO [main] org.apache.catalina.core.ApplicationContext.log SessionListener: contextInitialized()
08-Nov-2023 06:31:17.558 INFO [main] org.apache.catalina.core.ApplicationContext.log ContextListener: attributeAdded('StockTicker', 'async.Stockticker@47289387')
08-Nov-2023 11:53:51.929 INFO [main] org.apache.catalina.core.ApplicationContext.log ContextListener: contextInitialized()
08-Nov-2023 11:53:51.930 INFO [main] org.apache.catalina.core.ApplicationContext.log SessionListener: contextInitialized()
08-Nov-2023 11:53:51.931 INFO [main] org.apache.catalina.core.ApplicationContext.log ContextListener: attributeAdded('StockTicker', 'async.Stockticker@7cbee484')
08-Nov-2023 11:53:52.031 INFO [main] org.apache.catalina.core.ApplicationContext.log SessionListener: contextDestroyed()
08-Nov-2023 11:53:52.033 INFO [main] org.apache.catalina.core.ApplicationContext.log ContextListener: contextDestroyed()
08-Nov-2023 16:09:33.856 INFO [main] org.apache.catalina.core.ApplicationContext.log SessionListener: contextDestroyed()
08-Nov-2023 16:09:33.857 INFO [main] org.apache.catalina.core.ApplicationContext.log ContextListener: contextDestroyed()
08-Nov-2023 16:10:11.774 INFO [main] org.apache.catalina.core.ApplicationContext.log ContextListener: contextInitialized()
08-Nov-2023 16:10:11.776 INFO [main] org.apache.catalina.core.ApplicationContext.log SessionListener: contextInitialized()
08-Nov-2023 16:10:11.778 INFO [main] org.apache.catalina.core.ApplicationContext.log ContextListener: attributeAdded('StockTicker', 'async.Stockticker@355e34c7')
08-Nov-2023 16:17:13.368 INFO [main] org.apache.catalina.core.ApplicationContext.log SessionListener: contextDestroyed()
08-Nov-2023 16:17:13.368 INFO [main] org.apache.catalina.core.ApplicationContext.log ContextListener: contextDestroyed()
08-Nov-2023 16:17:28.431 INFO [main] org.apache.catalina.core.ApplicationContext.log ContextListener: contextInitialized()
08-Nov-2023 16:17:28.436 INFO [main] org.apache.catalina.core.ApplicationContext.log SessionListener: contextInitialized()
08-Nov-2023 16:17:28.438 INFO [main] org.apache.catalina.core.ApplicationContext.log ContextListener: attributeAdded('StockTicker', 'async.Stockticker@f415a95')
08-Nov-2023 16:32:41.582 INFO [main] org.apache.catalina.core.ApplicationContext.log SessionListener: contextDestroyed()
08-Nov-2023 16:32:41.582 INFO [main] org.apache.catalina.core.ApplicationContext.log ContextListener: contextDestroyed()
08-Nov-2023 16:32:56.045 INFO [main] org.apache.catalina.core.ApplicationContext.log ContextListener: contextInitialized()
08-Nov-2023 16:32:56.046 INFO [main] org.apache.catalina.core.ApplicationContext.log SessionListener: contextInitialized()
08-Nov-2023 16:32:56.047 INFO [main] org.apache.catalina.core.ApplicationContext.log ContextListener: attributeAdded('StockTicker', 'async.Stockticker@21ec5d87')
08-Nov-2023 16:49:51.718 INFO [main] org.apache.catalina.core.ApplicationContext.log SessionListener: contextDestroyed()
08-Nov-2023 16:49:51.719 INFO [main] org.apache.catalina.core.ApplicationContext.log ContextListener: contextDestroyed()
08-Nov-2023 16:50:04.157 INFO [main] org.apache.catalina.core.ApplicationContext.log ContextListener: contextInitialized()
08-Nov-2023 16:50:04.158 INFO [main] org.apache.catalina.core.ApplicationContext.log SessionListener: contextInitialized()
08-Nov-2023 16:50:04.159 INFO [main] org.apache.catalina.core.ApplicationContext.log ContextListener: attributeAdded('StockTicker', 'async.Stockticker@21ec5d87')
08-Nov-2023 16:55:14.984 INFO [main] org.apache.catalina.core.ApplicationContext.log SessionListener: contextDestroyed()
08-Nov-2023 16:55:14.985 INFO [main] org.apache.catalina.core.ApplicationContext.log ContextListener: contextDestroyed()
08-Nov-2023 16:55:22.395 INFO [main] org.apache.catalina.core.ApplicationContext.log ContextListener: contextInitialized()
08-Nov-2023 16:55:22.396 INFO [main] org.apache.catalina.core.ApplicationContext.log SessionListener: contextInitialized()
08-Nov-2023 16:55:22.397 INFO [main] org.apache.catalina.core.ApplicationContext.log ContextListener: attributeAdded('StockTicker', 'async.Stockticker@72b16078')
08-Nov-2023 16:59:38.263 INFO [main] org.apache.catalina.core.ApplicationContext.log SessionListener: contextDestroyed()
08-Nov-2023 16:59:38.266 INFO [main] org.apache.catalina.core.ApplicationContext.log ContextListener: contextDestroyed()
08-Nov-2023 16:59:43.799 INFO [main] org.apache.catalina.core.ApplicationContext.log ContextListener: contextInitialized()
08-Nov-2023 16:59:43.800 INFO [main] org.apache.catalina.core.ApplicationContext.log SessionListener: contextInitialized()
08-Nov-2023 16:59:43.801 INFO [main] org.apache.catalina.core.ApplicationContext.log ContextListener: attributeAdded('StockTicker', 'async.Stockticker@f415a95')
08-Nov-2023 17:03:20.701 INFO [main] org.apache.catalina.core.ApplicationContext.log SessionListener: contextDestroyed()
08-Nov-2023 17:03:20.702 INFO [main] org.apache.catalina.core.ApplicationContext.log ContextListener: contextDestroyed()
08-Nov-2023 17:03:25.389 INFO [main] org.apache.catalina.core.ApplicationContext.log ContextListener: contextInitialized()
08-Nov-2023 17:03:25.390 INFO [main] org.apache.catalina.core.ApplicationContext.log SessionListener: contextInitialized()
08-Nov-2023 17:03:25.393 INFO [main] org.apache.catalina.core.ApplicationContext.log ContextListener: attributeAdded('StockTicker', 'async.Stockticker@12cd9150')
08-Nov-2023 17:04:50.062 INFO [main] org.apache.catalina.core.ApplicationContext.log SessionListener: contextDestroyed()
08-Nov-2023 17:04:50.063 INFO [main] org.apache.catalina.core.ApplicationContext.log ContextListener: contextDestroyed()
08-Nov-2023 17:05:03.111 INFO [main] org.apache.catalina.core.ApplicationContext.log ContextListener: contextInitialized()
08-Nov-2023 17:05:03.116 INFO [main] org.apache.catalina.core.ApplicationContext.log SessionListener: contextInitialized()
08-Nov-2023 17:05:03.118 INFO [main] org.apache.catalina.core.ApplicationContext.log ContextListener: attributeAdded('StockTicker', 'async.Stockticker@12cd9150')
08-Nov-2023 17:12:53.727 INFO [main] org.apache.catalina.core.ApplicationContext.log SessionListener: contextDestroyed()
08-Nov-2023 17:12:53.728 INFO [main] org.apache.catalina.core.ApplicationContext.log ContextListener: contextDestroyed()
08-Nov-2023 17:13:00.790 INFO [main] org.apache.catalina.core.ApplicationContext.log ContextListener: contextInitialized()
08-Nov-2023 17:13:00.791 INFO [main] org.apache.catalina.core.ApplicationContext.log SessionListener: contextInitialized()
08-Nov-2023 17:13:00.796 INFO [main] org.apache.catalina.core.ApplicationContext.log ContextListener: attributeAdded('StockTicker', 'async.Stockticker@f415a95')
08-Nov-2023 17:22:48.943 INFO [main] org.apache.catalina.core.ApplicationContext.log SessionListener: contextDestroyed()
08-Nov-2023 17:22:48.947 INFO [main] org.apache.catalina.core.ApplicationContext.log ContextListener: contextDestroyed()
08-Nov-2023 17:22:55.283 INFO [main] org.apache.catalina.core.ApplicationContext.log ContextListener: contextInitialized()
08-Nov-2023 17:22:55.284 INFO [main] org.apache.catalina.core.ApplicationContext.log SessionListener: contextInitialized()
08-Nov-2023 17:22:55.285 INFO [main] org.apache.catalina.core.ApplicationContext.log ContextListener: attributeAdded('StockTicker', 'async.Stockticker@21ec5d87')
08-Nov-2023 17:29:19.593 INFO [main] org.apache.catalina.core.ApplicationContext.log SessionListener: contextDestroyed()
08-Nov-2023 17:29:19.593 INFO [main] org.apache.catalina.core.ApplicationContext.log ContextListener: contextDestroyed()
08-Nov-2023 17:29:31.034 INFO [main] org.apache.catalina.core.ApplicationContext.log ContextListener: contextInitialized()
08-Nov-2023 17:29:31.034 INFO [main] org.apache.catalina.core.ApplicationContext.log SessionListener: contextInitialized()
08-Nov-2023 17:29:31.036 INFO [main] org.apache.catalina.core.ApplicationContext.log ContextListener: attributeAdded('StockTicker', 'async.Stockticker@1b28f282')
08-Nov-2023 17:36:07.021 INFO [main] org.apache.catalina.core.ApplicationContext.log SessionListener: contextDestroyed()
08-Nov-2023 17:36:07.024 INFO [main] org.apache.catalina.core.ApplicationContext.log ContextListener: contextDestroyed()
08-Nov-2023 17:36:17.353 INFO [main] org.apache.catalina.core.ApplicationContext.log ContextListener: contextInitialized()
08-Nov-2023 17:36:17.354 INFO [main] org.apache.catalina.core.ApplicationContext.log SessionListener: contextInitialized()
08-Nov-2023 17:36:17.355 INFO [main] org.apache.catalina.core.ApplicationContext.log ContextListener: attributeAdded('StockTicker', 'async.Stockticker@21ec5d87')
08-Nov-2023 17:43:00.367 INFO [main] org.apache.catalina.core.ApplicationContext.log SessionListener: contextDestroyed()
08-Nov-2023 17:43:00.367 INFO [main] org.apache.catalina.core.ApplicationContext.log ContextListener: contextDestroyed()
08-Nov-2023 17:43:06.929 INFO [main] org.apache.catalina.core.ApplicationContext.log ContextListener: contextInitialized()
08-Nov-2023 17:43:06.932 INFO [main] org.apache.catalina.core.ApplicationContext.log SessionListener: contextInitialized()
08-Nov-2023 17:43:06.933 INFO [main] org.apache.catalina.core.ApplicationContext.log ContextListener: attributeAdded('StockTicker', 'async.Stockticker@2f2bf0e2')
08-Nov-2023 17:43:48.748 INFO [main] org.apache.catalina.core.ApplicationContext.log SessionListener: contextDestroyed()
08-Nov-2023 17:43:48.749 INFO [main] org.apache.catalina.core.ApplicationContext.log ContextListener: contextDestroyed()
08-Nov-2023 17:43:53.233 INFO [main] org.apache.catalina.core.ApplicationContext.log ContextListener: contextInitialized()
08-Nov-2023 17:43:53.234 INFO [main] org.apache.catalina.core.ApplicationContext.log SessionListener: contextInitialized()
08-Nov-2023 17:43:53.235 INFO [main] org.apache.catalina.core.ApplicationContext.log ContextListener: attributeAdded('StockTicker', 'async.Stockticker@21ec5d87')
08-Nov-2023 17:49:53.267 INFO [main] org.apache.catalina.core.ApplicationContext.log SessionListener: contextDestroyed()
08-Nov-2023 17:49:53.270 INFO [main] org.apache.catalina.core.ApplicationContext.log ContextListener: contextDestroyed()
08-Nov-2023 17:49:58.259 INFO [main] org.apache.catalina.core.ApplicationContext.log ContextListener: contextInitialized()
08-Nov-2023 17:49:58.259 INFO [main] org.apache.catalina.core.ApplicationContext.log SessionListener: contextInitialized()
08-Nov-2023 17:49:58.264 INFO [main] org.apache.catalina.core.ApplicationContext.log ContextListener: attributeAdded('StockTicker', 'async.Stockticker@21ec5d87')
08-Nov-2023 17:51:12.547 INFO [main] org.apache.catalina.core.ApplicationContext.log SessionListener: contextDestroyed()
08-Nov-2023 17:51:12.552 INFO [main] org.apache.catalina.core.ApplicationContext.log ContextListener: contextDestroyed()
08-Nov-2023 17:51:17.645 INFO [main] org.apache.catalina.core.ApplicationContext.log ContextListener: contextInitialized()
08-Nov-2023 17:51:17.646 INFO [main] org.apache.catalina.core.ApplicationContext.log SessionListener: contextInitialized()
08-Nov-2023 17:51:17.647 INFO [main] org.apache.catalina.core.ApplicationContext.log ContextListener: attributeAdded('StockTicker', 'async.Stockticker@21ec5d87')
08-Nov-2023 17:53:18.906 INFO [main] org.apache.catalina.core.ApplicationContext.log SessionListener: contextDestroyed()
08-Nov-2023 17:53:18.906 INFO [main] org.apache.catalina.core.ApplicationContext.log ContextListener: contextDestroyed()
08-Nov-2023 17:53:25.172 INFO [main] org.apache.catalina.core.ApplicationContext.log ContextListener: contextInitialized()
08-Nov-2023 17:53:25.173 INFO [main] org.apache.catalina.core.ApplicationContext.log SessionListener: contextInitialized()
08-Nov-2023 17:53:25.174 INFO [main] org.apache.catalina.core.ApplicationContext.log ContextListener: attributeAdded('StockTicker', 'async.Stockticker@3bd7f8dc')
08-Nov-2023 23:44:18.063 INFO [main] org.apache.catalina.core.ApplicationContext.log SessionListener: contextDestroyed()
08-Nov-2023 23:44:18.063 INFO [main] org.apache.catalina.core.ApplicationContext.log ContextListener: contextDestroyed()
08-Nov-2023 23:44:30.543 INFO [main] org.apache.catalina.core.ApplicationContext.log ContextListener: contextInitialized()
08-Nov-2023 23:44:30.548 INFO [main] org.apache.catalina.core.ApplicationContext.log SessionListener: contextInitialized()
08-Nov-2023 23:44:30.550 INFO [main] org.apache.catalina.core.ApplicationContext.log ContextListener: attributeAdded('StockTicker', 'async.Stockticker@f415a95')
