09-Nov-2023 00:04:00.786 INFO [main] org.apache.catalina.core.ApplicationContext.log SessionListener: contextDestroyed()
09-Nov-2023 00:04:00.788 INFO [main] org.apache.catalina.core.ApplicationContext.log ContextListener: contextDestroyed()
09-Nov-2023 00:08:19.037 INFO [main] org.apache.catalina.core.ApplicationContext.log ContextListener: contextInitialized()
09-Nov-2023 00:08:19.038 INFO [main] org.apache.catalina.core.ApplicationContext.log SessionListener: contextInitialized()
09-Nov-2023 00:08:19.039 INFO [main] org.apache.catalina.core.ApplicationContext.log ContextListener: attributeAdded('StockTicker', 'async.Stockticker@f415a95')
09-Nov-2023 00:27:10.797 INFO [main] org.apache.catalina.core.ApplicationContext.log ContextListener: contextInitialized()
09-Nov-2023 00:27:10.798 INFO [main] org.apache.catalina.core.ApplicationContext.log SessionListener: contextInitialized()
09-Nov-2023 00:27:10.799 INFO [main] org.apache.catalina.core.ApplicationContext.log ContextListener: attributeAdded('StockTicker', 'async.Stockticker@12cd9150')
09-Nov-2023 00:27:10.961 INFO [main] org.apache.catalina.core.ApplicationContext.log SessionListener: contextDestroyed()
09-Nov-2023 00:27:10.961 INFO [main] org.apache.catalina.core.ApplicationContext.log ContextListener: contextDestroyed()
09-Nov-2023 00:32:00.731 INFO [main] org.apache.catalina.core.ApplicationContext.log ContextListener: contextInitialized()
09-Nov-2023 00:32:00.736 INFO [main] org.apache.catalina.core.ApplicationContext.log SessionListener: contextInitialized()
09-Nov-2023 00:32:00.738 INFO [main] org.apache.catalina.core.ApplicationContext.log ContextListener: attributeAdded('StockTicker', 'async.Stockticker@f415a95')
09-Nov-2023 00:32:00.907 INFO [main] org.apache.catalina.core.ApplicationContext.log SessionListener: contextDestroyed()
09-Nov-2023 00:32:00.907 INFO [main] org.apache.catalina.core.ApplicationContext.log ContextListener: contextDestroyed()
09-Nov-2023 00:35:23.323 INFO [main] org.apache.catalina.core.ApplicationContext.log ContextListener: contextInitialized()
09-Nov-2023 00:35:23.328 INFO [main] org.apache.catalina.core.ApplicationContext.log SessionListener: contextInitialized()
09-Nov-2023 00:35:23.330 INFO [main] org.apache.catalina.core.ApplicationContext.log ContextListener: attributeAdded('StockTicker', 'async.Stockticker@f415a95')
09-Nov-2023 00:36:59.269 INFO [main] org.apache.catalina.core.ApplicationContext.log SessionListener: contextDestroyed()
09-Nov-2023 00:36:59.273 INFO [main] org.apache.catalina.core.ApplicationContext.log ContextListener: contextDestroyed()
09-Nov-2023 00:37:07.194 INFO [main] org.apache.catalina.core.ApplicationContext.log ContextListener: contextInitialized()
09-Nov-2023 00:37:07.196 INFO [main] org.apache.catalina.core.ApplicationContext.log SessionListener: contextInitialized()
09-Nov-2023 00:37:07.198 INFO [main] org.apache.catalina.core.ApplicationContext.log ContextListener: attributeAdded('StockTicker', 'async.Stockticker@f415a95')
09-Nov-2023 01:08:28.117 INFO [main] org.apache.catalina.core.ApplicationContext.log SessionListener: contextDestroyed()
09-Nov-2023 01:08:28.117 INFO [main] org.apache.catalina.core.ApplicationContext.log ContextListener: contextDestroyed()
09-Nov-2023 01:57:47.440 INFO [main] org.apache.catalina.core.ApplicationContext.log ContextListener: contextInitialized()
09-Nov-2023 01:57:47.444 INFO [main] org.apache.catalina.core.ApplicationContext.log SessionListener: contextInitialized()
09-Nov-2023 01:57:47.446 INFO [main] org.apache.catalina.core.ApplicationContext.log ContextListener: attributeAdded('StockTicker', 'async.Stockticker@66ea1466')
09-Nov-2023 01:57:49.286 INFO [main] org.apache.catalina.core.ApplicationContext.log SessionListener: contextDestroyed()
09-Nov-2023 01:57:49.286 INFO [main] org.apache.catalina.core.ApplicationContext.log ContextListener: contextDestroyed()
09-Nov-2023 01:57:57.837 INFO [main] org.apache.catalina.core.ApplicationContext.log ContextListener: contextInitialized()
09-Nov-2023 01:57:57.838 INFO [main] org.apache.catalina.core.ApplicationContext.log SessionListener: contextInitialized()
09-Nov-2023 01:57:57.839 INFO [main] org.apache.catalina.core.ApplicationContext.log ContextListener: attributeAdded('StockTicker', 'async.Stockticker@66ea1466')
09-Nov-2023 01:59:25.595 INFO [main] org.apache.catalina.core.ApplicationContext.log SessionListener: contextDestroyed()
09-Nov-2023 01:59:25.596 INFO [main] org.apache.catalina.core.ApplicationContext.log ContextListener: contextDestroyed()
09-Nov-2023 02:02:58.428 INFO [main] org.apache.catalina.core.ApplicationContext.log ContextListener: contextInitialized()
09-Nov-2023 02:02:58.428 INFO [main] org.apache.catalina.core.ApplicationContext.log SessionListener: contextInitialized()
09-Nov-2023 02:02:58.433 INFO [main] org.apache.catalina.core.ApplicationContext.log ContextListener: attributeAdded('StockTicker', 'async.Stockticker@f415a95')
09-Nov-2023 02:02:58.598 INFO [main] org.apache.catalina.core.ApplicationContext.log SessionListener: contextDestroyed()
09-Nov-2023 02:02:58.598 INFO [main] org.apache.catalina.core.ApplicationContext.log ContextListener: contextDestroyed()
09-Nov-2023 02:04:13.401 INFO [main] org.apache.catalina.core.ApplicationContext.log ContextListener: contextInitialized()
09-Nov-2023 02:04:13.401 INFO [main] org.apache.catalina.core.ApplicationContext.log SessionListener: contextInitialized()
09-Nov-2023 02:04:13.402 INFO [main] org.apache.catalina.core.ApplicationContext.log ContextListener: attributeAdded('StockTicker', 'async.Stockticker@66ea1466')
09-Nov-2023 02:15:55.240 INFO [main] org.apache.catalina.core.ApplicationContext.log SessionListener: contextDestroyed()
09-Nov-2023 02:15:55.241 INFO [main] org.apache.catalina.core.ApplicationContext.log ContextListener: contextDestroyed()
09-Nov-2023 02:16:15.688 INFO [main] org.apache.catalina.core.ApplicationContext.log ContextListener: contextInitialized()
09-Nov-2023 02:16:15.692 INFO [main] org.apache.catalina.core.ApplicationContext.log SessionListener: contextInitialized()
09-Nov-2023 02:16:15.694 INFO [main] org.apache.catalina.core.ApplicationContext.log ContextListener: attributeAdded('StockTicker', 'async.Stockticker@f415a95')
09-Nov-2023 02:16:15.845 INFO [main] org.apache.catalina.core.ApplicationContext.log SessionListener: contextDestroyed()
09-Nov-2023 02:16:15.846 INFO [main] org.apache.catalina.core.ApplicationContext.log ContextListener: contextDestroyed()
09-Nov-2023 02:19:47.420 INFO [main] org.apache.catalina.core.ApplicationContext.log ContextListener: contextInitialized()
09-Nov-2023 02:19:47.424 INFO [main] org.apache.catalina.core.ApplicationContext.log SessionListener: contextInitialized()
09-Nov-2023 02:19:47.426 INFO [main] org.apache.catalina.core.ApplicationContext.log ContextListener: attributeAdded('StockTicker', 'async.Stockticker@12cd9150')
09-Nov-2023 02:19:47.581 INFO [main] org.apache.catalina.core.ApplicationContext.log SessionListener: contextDestroyed()
09-Nov-2023 02:19:47.581 INFO [main] org.apache.catalina.core.ApplicationContext.log ContextListener: contextDestroyed()
09-Nov-2023 02:20:32.185 INFO [main] org.apache.catalina.core.ApplicationContext.log ContextListener: contextInitialized()
09-Nov-2023 02:20:32.186 INFO [main] org.apache.catalina.core.ApplicationContext.log SessionListener: contextInitialized()
09-Nov-2023 02:20:32.189 INFO [main] org.apache.catalina.core.ApplicationContext.log ContextListener: attributeAdded('StockTicker', 'async.Stockticker@f415a95')
09-Nov-2023 02:20:32.357 INFO [main] org.apache.catalina.core.ApplicationContext.log SessionListener: contextDestroyed()
09-Nov-2023 02:20:32.357 INFO [main] org.apache.catalina.core.ApplicationContext.log ContextListener: contextDestroyed()
09-Nov-2023 02:21:10.314 INFO [main] org.apache.catalina.core.ApplicationContext.log ContextListener: contextInitialized()
09-Nov-2023 02:21:10.316 INFO [main] org.apache.catalina.core.ApplicationContext.log SessionListener: contextInitialized()
09-Nov-2023 02:21:10.319 INFO [main] org.apache.catalina.core.ApplicationContext.log ContextListener: attributeAdded('StockTicker', 'async.Stockticker@12cd9150')
09-Nov-2023 03:30:06.625 INFO [main] org.apache.catalina.core.ApplicationContext.log SessionListener: contextDestroyed()
09-Nov-2023 03:30:06.626 INFO [main] org.apache.catalina.core.ApplicationContext.log ContextListener: contextDestroyed()
09-Nov-2023 03:40:21.095 INFO [main] org.apache.catalina.core.ApplicationContext.log ContextListener: contextInitialized()
09-Nov-2023 03:40:21.096 INFO [main] org.apache.catalina.core.ApplicationContext.log SessionListener: contextInitialized()
09-Nov-2023 03:40:21.097 INFO [main] org.apache.catalina.core.ApplicationContext.log ContextListener: attributeAdded('StockTicker', 'async.Stockticker@47289387')
09-Nov-2023 03:43:54.128 INFO [main] org.apache.catalina.core.ApplicationContext.log SessionListener: contextDestroyed()
09-Nov-2023 03:43:54.129 INFO [main] org.apache.catalina.core.ApplicationContext.log ContextListener: contextDestroyed()
09-Nov-2023 03:44:16.164 INFO [main] org.apache.catalina.core.ApplicationContext.log ContextListener: contextInitialized()
09-Nov-2023 03:44:16.164 INFO [main] org.apache.catalina.core.ApplicationContext.log SessionListener: contextInitialized()
09-Nov-2023 03:44:16.165 INFO [main] org.apache.catalina.core.ApplicationContext.log ContextListener: attributeAdded('StockTicker', 'async.Stockticker@12cd9150')
09-Nov-2023 03:46:16.083 INFO [main] org.apache.catalina.core.ApplicationContext.log SessionListener: contextDestroyed()
09-Nov-2023 03:46:16.083 INFO [main] org.apache.catalina.core.ApplicationContext.log ContextListener: contextDestroyed()
09-Nov-2023 03:46:36.145 INFO [main] org.apache.catalina.core.ApplicationContext.log ContextListener: contextInitialized()
09-Nov-2023 03:46:36.148 INFO [main] org.apache.catalina.core.ApplicationContext.log SessionListener: contextInitialized()
09-Nov-2023 03:46:36.150 INFO [main] org.apache.catalina.core.ApplicationContext.log ContextListener: attributeAdded('StockTicker', 'async.Stockticker@f415a95')
09-Nov-2023 03:48:54.898 INFO [main] org.apache.catalina.core.ApplicationContext.log SessionListener: contextDestroyed()
09-Nov-2023 03:48:54.899 INFO [main] org.apache.catalina.core.ApplicationContext.log ContextListener: contextDestroyed()
09-Nov-2023 03:49:16.133 INFO [main] org.apache.catalina.core.ApplicationContext.log ContextListener: contextInitialized()
09-Nov-2023 03:49:16.134 INFO [main] org.apache.catalina.core.ApplicationContext.log SessionListener: contextInitialized()
09-Nov-2023 03:49:16.135 INFO [main] org.apache.catalina.core.ApplicationContext.log ContextListener: attributeAdded('StockTicker', 'async.Stockticker@f415a95')
09-Nov-2023 03:52:54.567 INFO [main] org.apache.catalina.core.ApplicationContext.log SessionListener: contextDestroyed()
09-Nov-2023 03:52:54.568 INFO [main] org.apache.catalina.core.ApplicationContext.log ContextListener: contextDestroyed()
09-Nov-2023 03:53:02.435 INFO [main] org.apache.catalina.core.ApplicationContext.log ContextListener: contextInitialized()
09-Nov-2023 03:53:02.440 INFO [main] org.apache.catalina.core.ApplicationContext.log SessionListener: contextInitialized()
09-Nov-2023 03:53:02.442 INFO [main] org.apache.catalina.core.ApplicationContext.log ContextListener: attributeAdded('StockTicker', 'async.Stockticker@f415a95')
09-Nov-2023 05:31:07.514 INFO [main] org.apache.catalina.core.ApplicationContext.log SessionListener: contextDestroyed()
09-Nov-2023 05:31:07.514 INFO [main] org.apache.catalina.core.ApplicationContext.log ContextListener: contextDestroyed()
09-Nov-2023 13:30:45.182 INFO [main] org.apache.catalina.core.ApplicationContext.log ContextListener: contextInitialized()
09-Nov-2023 13:30:45.188 INFO [main] org.apache.catalina.core.ApplicationContext.log SessionListener: contextInitialized()
09-Nov-2023 13:30:45.190 INFO [main] org.apache.catalina.core.ApplicationContext.log ContextListener: attributeAdded('StockTicker', 'async.Stockticker@114a85c2')
09-Nov-2023 13:32:31.521 INFO [main] org.apache.catalina.core.ApplicationContext.log SessionListener: contextDestroyed()
09-Nov-2023 13:32:31.521 INFO [main] org.apache.catalina.core.ApplicationContext.log ContextListener: contextDestroyed()
09-Nov-2023 13:33:07.021 INFO [main] org.apache.catalina.core.ApplicationContext.log ContextListener: contextInitialized()
09-Nov-2023 13:33:07.024 INFO [main] org.apache.catalina.core.ApplicationContext.log SessionListener: contextInitialized()
09-Nov-2023 13:33:07.026 INFO [main] org.apache.catalina.core.ApplicationContext.log ContextListener: attributeAdded('StockTicker', 'async.Stockticker@f415a95')
09-Nov-2023 13:36:45.104 INFO [main] org.apache.catalina.core.ApplicationContext.log SessionListener: contextDestroyed()
09-Nov-2023 13:36:45.104 INFO [main] org.apache.catalina.core.ApplicationContext.log ContextListener: contextDestroyed()
09-Nov-2023 13:36:53.945 INFO [main] org.apache.catalina.core.ApplicationContext.log ContextListener: contextInitialized()
09-Nov-2023 13:36:53.947 INFO [main] org.apache.catalina.core.ApplicationContext.log SessionListener: contextInitialized()
09-Nov-2023 13:36:53.949 INFO [main] org.apache.catalina.core.ApplicationContext.log ContextListener: attributeAdded('StockTicker', 'async.Stockticker@114a85c2')
